<?xml version="1.0" encoding="UTF-8"?>
<testsuite xmlns:xsi="http://www.w3.org/2001/XMLSchema-instance" xsi:schemaLocation="https://maven.apache.org/surefire/maven-surefire-plugin/xsd/surefire-test-report.xsd" name="com.stratio.at.datadictionary.DGPB_619_DataDictionaryOrderColumns" time="48.506" tests="1" errors="0" skipped="0" failures="1">
  <properties>
[...]
</properties>
  <testcase name="DGPB_619_DataDictionaryOrderColumnsTest" classname="com.stratio.at.datadictionary.DGPB_619_DataDictionaryOrderColumns" time="42.945">
    <failure message="org.junit.ComparisonFailure: [Element count doesnt match] expected:&lt;[1]&gt; but was:&lt;[0]&gt;" type="cucumber.runtime.CucumberException"><![CDATA[cucumber.runtime.CucumberException: org.junit.ComparisonFailure: [Element count doesnt match] expected:<[1]> but was:<[0]>
	at com.stratio.at.datadictionary.DGPB_619_DataDictionaryOrderColumns.DGPB_619_DataDictionaryOrderColumnsTest(DGPB_619_DataDictionaryOrderColumns.java:36)
Caused by: org.junit.ComparisonFailure: [Element count doesnt match] expected:<[1]> but was:<[0]>
]]></failure>
    <system-out><![CDATA[	&amp#27;[32mReflections&amp#27;[m - &amp#27;[32mReflections took 1449 ms to scan 2 urls, producing 10 keys and 17 values &amp#27;[m
	&amp#27;[32mCukesHooks&amp#27;[m - &amp#27;[32mStarting running feature [DGPB-619] Order Columns&amp#27;[m
	&amp#27;[32mCukesHooks&amp#27;[m - &amp#27;[32mGot to scenario Select and datastore life cycle start&amp#27;[m
&amp#27;[34m   Feature/Scenario: [DGPB-619] Order Columns/Select and datastore 
&amp#27;[m	&amp#27;[32mCukesHooks&amp#27;[m - &amp#27;[32mGot to [DGPB-619] Order Columns/Select and datastore &amp#27;[m
	&amp#27;[32mCukesHooks&amp#27;[m - &amp#27;[32mGot to step My app is running in '${DICTIONARY_HOST}:${DICTIONARY_PORT}' &amp#27;[m
	&amp#27;[32mCukesHooks&amp#27;[m - &amp#27;[32mGot to step I browse to '/dictionary/data-dictionary' &amp#27;[m
	&amp#27;[32mCukesHooks&amp#27;[m - &amp#27;[32mGot to step '1' elements exists with 'xpath://st-dropdown-menu[@id="dropdown-datastoremenu"]//li[contains(. , "hakama")]' &amp#27;[m
&amp#27;[36m     Given My app is running in '172.19.0.215:8043'
&amp#27;[m	&amp#27;[32mCukesHooks&amp#27;[m - &amp#27;[32mDone executing Select and datastore: passed&amp#27;[m
&amp#27;[36m     And I browse to '/dictionary/data-dictionary'
&amp#27;[m	&amp#27;[32mCukesHooks&amp#27;[m - &amp#27;[32mDone executing Select and datastore: passed&amp#27;[m
&amp#27;[36m     When '1' elements exists with 'xpath://st-dropdown-menu[@id="dropdown-datastoremenu"]//li[contains(. , "hakama")]'
&amp#27;[m	&amp#27;[1;31mAssertJAspect&amp#27;[m - &amp#27;[1;31mAssertion failed: [Element count doesnt match] expected:<[1]> but was:<[0]>&amp#27;[m
	&amp#27;[32mCukesHooks&amp#27;[m - &amp#27;[32mDone executing Select and datastore: failed&amp#27;[m
&amp#27;[34m   
&amp#27;[m	&amp#27;[32mCukesHooks&amp#27;[m - &amp#27;[32mGot to scenario Select and datastore life cycle end&amp#27;[m
	&amp#27;[32mCukesHooks&amp#27;[m - &amp#27;[32mGot to end of file&amp#27;[m

1 Scenarios (&amp#27;[31m1 failed&amp#27;[0m)
3 Steps (&amp#27;[31m1 failed&amp#27;[0m, &amp#27;[32m2 passed&amp#27;[0m)
0m37.551s

org.junit.ComparisonFailure: [Element count doesnt match] expected:<[1]> but was:<[0]>
	at sun.reflect.NativeConstructorAccessorImpl.newInstance0(Native Method)
	at sun.reflect.NativeConstructorAccessorImpl.newInstance(NativeConstructorAccessorImpl.java:62)
	at sun.reflect.DelegatingConstructorAccessorImpl.newInstance(DelegatingConstructorAccessorImpl.java:45)
	at org.aspectj.runtime.reflect.JoinPointImpl.proceed(JoinPointImpl.java:149)
	at com.stratio.qa.aspects.AssertJAspect.aroundLogAssertJFailurePointcut(AssertJAspect.java:45)
	at com.stratio.qa.assertions.SeleniumAssert.hasSize(SeleniumAssert.java:296)
	at com.stratio.qa.specs.CommonG.locateElement(CommonG.java:376)
	at com.stratio.qa.specs.ThenGSpec.assertSeleniumNElementExists(ThenGSpec.java:289)
	at ✽.When '1' elements exists with 'xpath://st-dropdown-menu[@id="dropdown-datastoremenu"]//li[contains(. , "hakama")]'(src/test/resources/features/DataDictionary/DGPB_619_DataDictionaryOrderColumns.feature:7)

	&amp#27;[1;31mCucumberRunner&amp#27;[m - &amp#27;[1;31mGot [org.junit.ComparisonFailure: [Element count doesnt match] expected:<[1]> but was:<[0]>] exceptions&amp#27;[m
]]></system-out>
    <system-err><![CDATA[log4j:WARN No appenders could be found for logger (org.apache.http.client.protocol.RequestAddCookies).
log4j:WARN Please initialize the log4j system properly.
]]></system-err>
  </testcase>
</testsuite>